; reta 1
r:225,305,0:1:-1
r:1065,285,0:2:-1
r:1708,295,0:3:-1
r:2400,325,0:4:-1
r:3100,365,0:5:-1
r:3826,400,0:6:-1
r:4627,435,0:7:-1
r:5570,515,0:8:-1
r:6510,605,0:9:-1
r:7239,675,0:10:-1
r:7730,765,0:11:-1
r:7948,765,0:12:423
; começo dois
r:7948,765,0:13:441
r:7976,550,0:14:-1
r:8020,257,0:15:-1
r:8073,-275,0:16:-1
r:8079,-555,0:17:509
; começo três
r:8079,-555,0:18:526
r:7943,-565,0:19:-1
r:7276,-595,0:20:-1
r:6486,-645,0:21:-1
r:5733,-670,0:22:-1
r:5014,-735,0:23:-1
r:4243,-820,0:24:-1
r:3672,-885,0:25:-1
r:2852,-970,0:26:-1
r:2154,-1065,0:27:-1
r:1266,-1180,0:28:-1
r:308,-1274,0:29:-1
r:-415,-1390,0:30:-1
r:-1200,-1497,0:31:-1
r:-1953,-1630,0:32:-1
r:-2555,-1730,0:33:-1
r:-3073,-1830,0:34:-1
